[2020-12-02 14:32:35,226] custom_estimator.py->camera_calibration line:100 [INFO]camera calibration start: please press key 'q' to capture snapshot.
[2020-12-02 14:32:35,226] custom_estimator.py->camera_calibration line:100 [INFO]camera calibration start: please press key 'q' to capture snapshot.
[2020-12-02 14:32:35,226] custom_estimator.py->camera_calibration line:100 [INFO]camera calibration start: please press key 'q' to capture snapshot.
[2020-12-02 14:32:41,353] cifcaf.py->__call__ line:119 [INFO]0 annotations: []
[2020-12-02 14:32:41,353] cifcaf.py->__call__ line:119 [INFO]0 annotations: []
[2020-12-02 14:32:41,353] cifcaf.py->__call__ line:119 [INFO]0 annotations: []
[2020-12-02 14:32:41,353] posture.py->__init__ line:47 [INFO][]
[2020-12-02 14:32:41,353] posture.py->__init__ line:47 [INFO][]
[2020-12-02 14:32:41,353] posture.py->__init__ line:47 [INFO][]
[2020-12-02 14:32:41,353] posture.py->detect_angle line:89 [INFO]no posture is detected.
[2020-12-02 14:32:41,353] posture.py->detect_angle line:89 [INFO]no posture is detected.
[2020-12-02 14:32:41,353] posture.py->detect_angle line:89 [INFO]no posture is detected.
[2020-12-02 14:33:16,871] custom_estimator.py->camera_calibration line:100 [INFO]camera calibration start: please press key 'q' to capture snapshot.
[2020-12-02 14:33:16,871] custom_estimator.py->camera_calibration line:100 [INFO]camera calibration start: please press key 'q' to capture snapshot.
[2020-12-02 14:33:16,871] custom_estimator.py->camera_calibration line:100 [INFO]camera calibration start: please press key 'q' to capture snapshot.
[2020-12-02 14:33:20,876] cifcaf.py->__call__ line:119 [INFO]0 annotations: []
[2020-12-02 14:33:20,876] cifcaf.py->__call__ line:119 [INFO]0 annotations: []
[2020-12-02 14:33:20,876] cifcaf.py->__call__ line:119 [INFO]0 annotations: []
[2020-12-02 14:33:20,876] posture.py->__init__ line:47 [INFO][]
[2020-12-02 14:33:20,876] posture.py->__init__ line:47 [INFO][]
[2020-12-02 14:33:20,876] posture.py->__init__ line:47 [INFO][]
[2020-12-02 14:33:20,876] posture.py->detect_angle line:89 [INFO]no posture is detected.
[2020-12-02 14:33:20,876] posture.py->detect_angle line:89 [INFO]no posture is detected.
[2020-12-02 14:33:20,876] posture.py->detect_angle line:89 [INFO]no posture is detected.
[2020-12-02 14:33:29,100] animation_frame.py->__init__ line:48 [INFO]video output = None
[2020-12-02 14:33:29,100] animation_frame.py->__init__ line:48 [INFO]video output = None
[2020-12-02 14:33:29,100] animation_frame.py->__init__ line:48 [INFO]video output = None
[2020-12-02 14:33:31,179] cifcaf.py->__call__ line:119 [INFO]1 annotations: [6]
[2020-12-02 14:33:31,179] cifcaf.py->__call__ line:119 [INFO]1 annotations: [6]
[2020-12-02 14:33:31,179] cifcaf.py->__call__ line:119 [INFO]1 annotations: [6]
[2020-12-02 14:33:31,188] posture.py->detect_angle line:99 [INFO]waist angle:90.00, neck angle:0.00
[2020-12-02 14:33:31,188] posture.py->detect_angle line:99 [INFO]waist angle:90.00, neck angle:0.00
[2020-12-02 14:33:31,188] posture.py->detect_angle line:99 [INFO]waist angle:90.00, neck angle:0.00
[2020-12-02 14:33:34,742] cifcaf.py->__call__ line:119 [INFO]1 annotations: [6]
[2020-12-02 14:33:34,742] cifcaf.py->__call__ line:119 [INFO]1 annotations: [6]
[2020-12-02 14:33:34,742] cifcaf.py->__call__ line:119 [INFO]1 annotations: [6]
[2020-12-02 14:33:34,755] posture.py->detect_angle line:99 [INFO]waist angle:90.00, neck angle:0.00
[2020-12-02 14:33:34,755] posture.py->detect_angle line:99 [INFO]waist angle:90.00, neck angle:0.00
[2020-12-02 14:33:34,755] posture.py->detect_angle line:99 [INFO]waist angle:90.00, neck angle:0.00
[2020-12-02 14:33:37,876] cifcaf.py->__call__ line:119 [INFO]1 annotations: [6]
[2020-12-02 14:33:37,876] cifcaf.py->__call__ line:119 [INFO]1 annotations: [6]
[2020-12-02 14:33:37,876] cifcaf.py->__call__ line:119 [INFO]1 annotations: [6]
[2020-12-02 14:33:37,884] posture.py->detect_angle line:99 [INFO]waist angle:90.00, neck angle:0.00
[2020-12-02 14:33:37,884] posture.py->detect_angle line:99 [INFO]waist angle:90.00, neck angle:0.00
[2020-12-02 14:33:37,884] posture.py->detect_angle line:99 [INFO]waist angle:90.00, neck angle:0.00
[2020-12-02 14:41:38,109] custom_estimator.py->camera_calibration line:100 [INFO]camera calibration start: please press key 'q' to capture snapshot.
[2020-12-02 14:41:38,109] custom_estimator.py->camera_calibration line:100 [INFO]camera calibration start: please press key 'q' to capture snapshot.
[2020-12-02 14:41:38,109] custom_estimator.py->camera_calibration line:100 [INFO]camera calibration start: please press key 'q' to capture snapshot.
[2020-12-02 14:41:41,005] animation_frame.py->__init__ line:48 [INFO]video output = None
[2020-12-02 14:41:41,005] animation_frame.py->__init__ line:48 [INFO]video output = None
[2020-12-02 14:41:41,005] animation_frame.py->__init__ line:48 [INFO]video output = None
[2020-12-02 14:41:43,677] cifcaf.py->__call__ line:119 [INFO]1 annotations: [2]
[2020-12-02 14:41:43,677] cifcaf.py->__call__ line:119 [INFO]1 annotations: [2]
[2020-12-02 14:41:43,677] cifcaf.py->__call__ line:119 [INFO]1 annotations: [2]
[2020-12-02 14:41:43,689] posture.py->detect_angle line:99 [INFO]waist angle:90.00, neck angle:90.00
[2020-12-02 14:41:43,689] posture.py->detect_angle line:99 [INFO]waist angle:90.00, neck angle:90.00
[2020-12-02 14:41:43,689] posture.py->detect_angle line:99 [INFO]waist angle:90.00, neck angle:90.00
[2020-12-02 14:41:47,971] cifcaf.py->__call__ line:119 [INFO]1 annotations: [2]
[2020-12-02 14:41:47,971] cifcaf.py->__call__ line:119 [INFO]1 annotations: [2]
[2020-12-02 14:41:47,971] cifcaf.py->__call__ line:119 [INFO]1 annotations: [2]
[2020-12-02 14:41:47,982] posture.py->detect_angle line:99 [INFO]waist angle:90.00, neck angle:90.00
[2020-12-02 14:41:47,982] posture.py->detect_angle line:99 [INFO]waist angle:90.00, neck angle:90.00
[2020-12-02 14:41:47,982] posture.py->detect_angle line:99 [INFO]waist angle:90.00, neck angle:90.00
[2020-12-02 14:41:51,801] cifcaf.py->__call__ line:119 [INFO]1 annotations: [3]
[2020-12-02 14:41:51,801] cifcaf.py->__call__ line:119 [INFO]1 annotations: [3]
[2020-12-02 14:41:51,801] cifcaf.py->__call__ line:119 [INFO]1 annotations: [3]
[2020-12-02 14:41:51,814] posture.py->detect_angle line:99 [INFO]waist angle:90.00, neck angle:90.00
[2020-12-02 14:41:51,814] posture.py->detect_angle line:99 [INFO]waist angle:90.00, neck angle:90.00
[2020-12-02 14:41:51,814] posture.py->detect_angle line:99 [INFO]waist angle:90.00, neck angle:90.00
[2020-12-02 14:41:55,639] cifcaf.py->__call__ line:119 [INFO]1 annotations: [2]
[2020-12-02 14:41:55,639] cifcaf.py->__call__ line:119 [INFO]1 annotations: [2]
[2020-12-02 14:41:55,639] cifcaf.py->__call__ line:119 [INFO]1 annotations: [2]
[2020-12-02 14:41:55,651] posture.py->detect_angle line:99 [INFO]waist angle:90.00, neck angle:90.00
[2020-12-02 14:41:55,651] posture.py->detect_angle line:99 [INFO]waist angle:90.00, neck angle:90.00
[2020-12-02 14:41:55,651] posture.py->detect_angle line:99 [INFO]waist angle:90.00, neck angle:90.00
[2020-12-02 14:41:59,509] cifcaf.py->__call__ line:119 [INFO]0 annotations: []
[2020-12-02 14:41:59,509] cifcaf.py->__call__ line:119 [INFO]0 annotations: []
[2020-12-02 14:41:59,509] cifcaf.py->__call__ line:119 [INFO]0 annotations: []
[2020-12-02 14:41:59,510] posture.py->__init__ line:47 [INFO][]
[2020-12-02 14:41:59,510] posture.py->__init__ line:47 [INFO][]
[2020-12-02 14:41:59,510] posture.py->__init__ line:47 [INFO][]
[2020-12-02 14:41:59,513] posture.py->detect line:105 [INFO]no posture is detected.
[2020-12-02 14:41:59,513] posture.py->detect line:105 [INFO]no posture is detected.
[2020-12-02 14:41:59,513] posture.py->detect line:105 [INFO]no posture is detected.
[2020-12-02 14:42:03,430] cifcaf.py->__call__ line:119 [INFO]0 annotations: []
[2020-12-02 14:42:03,430] cifcaf.py->__call__ line:119 [INFO]0 annotations: []
[2020-12-02 14:42:03,430] cifcaf.py->__call__ line:119 [INFO]0 annotations: []
[2020-12-02 14:42:03,431] posture.py->__init__ line:47 [INFO][]
[2020-12-02 14:42:03,431] posture.py->__init__ line:47 [INFO][]
[2020-12-02 14:42:03,431] posture.py->__init__ line:47 [INFO][]
[2020-12-02 14:42:03,431] posture.py->detect line:105 [INFO]no posture is detected.
[2020-12-02 14:42:03,431] posture.py->detect line:105 [INFO]no posture is detected.
[2020-12-02 14:42:03,431] posture.py->detect line:105 [INFO]no posture is detected.
[2020-12-02 14:42:07,573] cifcaf.py->__call__ line:119 [INFO]0 annotations: []
[2020-12-02 14:42:07,573] cifcaf.py->__call__ line:119 [INFO]0 annotations: []
[2020-12-02 14:42:07,573] cifcaf.py->__call__ line:119 [INFO]0 annotations: []
[2020-12-02 14:42:07,573] posture.py->__init__ line:47 [INFO][]
[2020-12-02 14:42:07,573] posture.py->__init__ line:47 [INFO][]
[2020-12-02 14:42:07,573] posture.py->__init__ line:47 [INFO][]
[2020-12-02 14:42:07,574] posture.py->detect line:105 [INFO]no posture is detected.
[2020-12-02 14:42:07,574] posture.py->detect line:105 [INFO]no posture is detected.
[2020-12-02 14:42:07,574] posture.py->detect line:105 [INFO]no posture is detected.
